[debug] [2023-06-19T16:38:30.270Z] ----------------------------------------------------------------------
[debug] [2023-06-19T16:38:30.272Z] Command:       C:\Program Files\nodejs\node.exe C:\Users\Yuuki\AppData\Roaming\npm\node_modules\firebase-tools\lib\bin\firebase.js init
[debug] [2023-06-19T16:38:30.273Z] CLI Version:   11.29.1
[debug] [2023-06-19T16:38:30.273Z] Platform:      win32
[debug] [2023-06-19T16:38:30.273Z] Node Version:  v16.17.0
[debug] [2023-06-19T16:38:30.291Z] Time:          Tue Jun 20 2023 00:38:30 GMT+0800 (Philippine Standard Time)
[debug] [2023-06-19T16:38:30.292Z] ----------------------------------------------------------------------
[debug] 
[debug] [2023-06-19T16:38:30.375Z] > command requires scopes: ["email","openid","https://www.googleapis.com/auth/cloudplatformprojects.readonly","https://www.googleapis.com/auth/firebase","https://www.googleapis.com/auth/cloud-platform"]
[debug] [2023-06-19T16:38:30.375Z] > authorizing via signed-in user (yuukibuziness@gmail.com)
[info] 
     ######## #### ########  ######## ########     ###     ######  ########
     ##        ##  ##     ## ##       ##     ##  ##   ##  ##       ##
     ######    ##  ########  ######   ########  #########  ######  ######
     ##        ##  ##    ##  ##       ##     ## ##     ##       ## ##
     ##       #### ##     ## ######## ########  ##     ##  ######  ########

You're about to initialize a Firebase project in this directory:

  C:\Users\Yuuki\File\WEB_SECURITY\final\Miranda-final\final-code

Before we get started, keep in mind:

  * You are initializing within an existing Firebase project directory

